<?xml version="1.0" encoding="UTF-8"?>
<testsuite xmlns:xsi="http://www.w3.org/2001/XMLSchema-instance" xsi:noNamespaceSchemaLocation="https://maven.apache.org/surefire/maven-surefire-plugin/xsd/surefire-test-report.xsd" version="3.0.2" name="com.nfeasync.sign_xml_service.SignXmlServiceApplicationTests" time="2.167" tests="1" errors="0" skipped="0" failures="0">
  <properties>
[...]
</properties>
  <testcase name="contextLoads" classname="com.nfeasync.sign_xml_service.SignXmlServiceApplicationTests" time="0.658">
    <system-out><![CDATA[14:26:00.156 [main] INFO org.springframework.test.context.support.AnnotationConfigContextLoaderUtils -- Could not detect default configuration classes for test class [com.nfeasync.sign_xml_service.SignXmlServiceApplicationTests]: SignXmlServiceApplicationTests does not declare any static, non-private, non-final, nested classes annotated with @Configuration.
14:26:00.241 [main] INFO org.springframework.boot.test.context.SpringBootTestContextBootstrapper -- Found @SpringBootConfiguration com.nfeasync.sign_xml_service.SignXmlServiceApplication for test class com.nfeasync.sign_xml_service.SignXmlServiceApplicationTests

  .   ____          _            __ _ _
 /\\ / ___'_ __ _ _(_)_ __  __ _ \ \ \ \
( ( )\___ | '_ | '_| | '_ \/ _` | \ \ \ \
 \\/  ___)| |_)| | | | | || (_| |  ) ) ) )
  '  |____| .__|_| |_|_| |_\__, | / / / /
 =========|_|==============|___/=/_/_/_/

 :: Spring Boot ::                (v3.4.7)

2025-07-24T14:26:00.585-03:00  INFO 63907 --- [sign-xml-service] [           main] c.n.s.SignXmlServiceApplicationTests     : Starting SignXmlServiceApplicationTests using Java 17.0.1 with PID 63907 (started by davi-canuto in /home/davi-canuto/projects/nfe-async/sign-xml-service)
2025-07-24T14:26:00.586-03:00  INFO 63907 --- [sign-xml-service] [           main] c.n.s.SignXmlServiceApplicationTests     : No active profile set, falling back to 1 default profile: "default"
2025-07-24T14:26:01.534-03:00  INFO 63907 --- [sign-xml-service] [           main] c.n.s.SignXmlServiceApplicationTests     : Started SignXmlServiceApplicationTests in 1.177 seconds (process running for 1.944)
]]></system-out>
  </testcase>
</testsuite>